app/build/intermediates/manifest_merge_blame_file/debug/processDebugMainManifest/manifest-merger-blame-debug-report.txt
1<?xml version="1.0" encoding="utf-8"?>
2<manifest xmlns:android="http://schemas.android.com/apk/res/android"
3    package="com.dominar.ride"
4    android:versionCode="1"
5    android:versionName="1.0" >
6
7    <uses-sdk
8        android:minSdkVersion="26"
9        android:targetSdkVersion="35" />
10
11    <uses-permission android:name="android.permission.INTERNET" />
11-->src/main/AndroidManifest.xml:5:5-67
11-->src/main/AndroidManifest.xml:5:22-64
12
13    <!-- BLE Permissions -->
14    <uses-permission
14-->src/main/AndroidManifest.xml:8:5-95
15        android:name="android.permission.BLUETOOTH"
15-->src/main/AndroidManifest.xml:8:22-65
16        android:maxSdkVersion="30" />
16-->src/main/AndroidManifest.xml:8:66-92
17    <uses-permission
17-->src/main/AndroidManifest.xml:9:5-101
18        android:name="android.permission.BLUETOOTH_ADMIN"
18-->src/main/AndroidManifest.xml:9:22-71
19        android:maxSdkVersion="30" />
19-->src/main/AndroidManifest.xml:9:72-98
20    <uses-permission
20-->src/main/AndroidManifest.xml:10:5-120
21        android:name="android.permission.BLUETOOTH_SCAN"
21-->src/main/AndroidManifest.xml:10:22-70
22        android:usesPermissionFlags="neverForLocation" />
22-->src/main/AndroidManifest.xml:10:71-117
23    <uses-permission android:name="android.permission.BLUETOOTH_CONNECT" />
23-->src/main/AndroidManifest.xml:11:5-76
23-->src/main/AndroidManifest.xml:11:22-73
24    <uses-permission android:name="android.permission.ACCESS_FINE_LOCATION" />
24-->src/main/AndroidManifest.xml:12:5-79
24-->src/main/AndroidManifest.xml:12:22-76
25    <uses-permission android:name="android.permission.ACCESS_COARSE_LOCATION" />
25-->src/main/AndroidManifest.xml:13:5-81
25-->src/main/AndroidManifest.xml:13:22-78
26
27    <uses-feature
27-->src/main/AndroidManifest.xml:15:5-90
28        android:name="android.hardware.bluetooth_le"
28-->src/main/AndroidManifest.xml:15:19-63
29        android:required="true" />
29-->src/main/AndroidManifest.xml:15:64-87
30
31    <!-- Include required permissions for Google Maps API to run. -->
32    <uses-permission android:name="android.permission.ACCESS_NETWORK_STATE" />
32-->[com.google.android.gms:play-services-maps:19.0.0] AndroidManifest.xml:23:5-79
32-->[com.google.android.gms:play-services-maps:19.0.0] AndroidManifest.xml:23:22-76
33
34    <uses-feature
34-->[com.google.android.gms:play-services-maps:19.0.0] AndroidManifest.xml:26:5-28:35
35        android:glEsVersion="0x00020000"
35-->[com.google.android.gms:play-services-maps:19.0.0] AndroidManifest.xml:27:9-41
36        android:required="true" />
36-->[com.google.android.gms:play-services-maps:19.0.0] AndroidManifest.xml:28:9-32
37
38    <queries>
38-->[com.google.android.gms:play-services-maps:19.0.0] AndroidManifest.xml:30:5-34:15
39
40        <!-- Needs to be explicitly declared on Android R+ -->
41        <package android:name="com.google.android.apps.maps" />
41-->[com.google.android.gms:play-services-maps:19.0.0] AndroidManifest.xml:33:9-64
41-->[com.google.android.gms:play-services-maps:19.0.0] AndroidManifest.xml:33:18-61
42    </queries>
43
44    <permission
44-->[androidx.core:core:1.13.1] AndroidManifest.xml:22:5-24:47
45        android:name="com.dominar.ride.DYNAMIC_RECEIVER_NOT_EXPORTED_PERMISSION"
45-->[androidx.core:core:1.13.1] AndroidManifest.xml:23:9-81
46        android:protectionLevel="signature" />
46-->[androidx.core:core:1.13.1] AndroidManifest.xml:24:9-44
47
48    <uses-permission android:name="com.dominar.ride.DYNAMIC_RECEIVER_NOT_EXPORTED_PERMISSION" />
48-->[androidx.core:core:1.13.1] AndroidManifest.xml:26:5-97
48-->[androidx.core:core:1.13.1] AndroidManifest.xml:26:22-94
49
50    <application
50-->src/main/AndroidManifest.xml:17:5-38:19
51        android:name="com.dominar.ride.MainApplication"
51-->src/main/AndroidManifest.xml:18:9-40
52        android:allowBackup="true"
52-->src/main/AndroidManifest.xml:19:9-35
53        android:appComponentFactory="androidx.core.app.CoreComponentFactory"
53-->[androidx.core:core:1.13.1] AndroidManifest.xml:28:18-86
54        android:dataExtractionRules="@xml/data_extraction_rules"
54-->src/main/AndroidManifest.xml:20:9-65
55        android:debuggable="true"
56        android:extractNativeLibs="false"
57        android:fullBackupContent="@xml/backup_rules"
57-->src/main/AndroidManifest.xml:21:9-54
58        android:icon="@mipmap/ic_launcher"
58-->src/main/AndroidManifest.xml:22:9-43
59        android:label="@string/app_name"
59-->src/main/AndroidManifest.xml:23:9-41
60        android:roundIcon="@mipmap/ic_launcher_round"
60-->src/main/AndroidManifest.xml:24:9-54
61        android:supportsRtl="true"
61-->src/main/AndroidManifest.xml:25:9-35
62        android:testOnly="true"
63        android:theme="@style/Theme.DominarRide" >
63-->src/main/AndroidManifest.xml:26:9-49
64        <activity
64-->src/main/AndroidManifest.xml:28:9-37:20
65            android:name="com.dominar.ride.MainActivity"
65-->src/main/AndroidManifest.xml:29:13-41
66            android:exported="true"
66-->src/main/AndroidManifest.xml:30:13-36
67            android:theme="@style/Theme.DominarRide" >
67-->src/main/AndroidManifest.xml:31:13-53
68            <intent-filter>
68-->src/main/AndroidManifest.xml:32:13-36:29
69                <action android:name="android.intent.action.MAIN" />
69-->src/main/AndroidManifest.xml:33:17-69
69-->src/main/AndroidManifest.xml:33:25-66
70
71                <category android:name="android.intent.category.LAUNCHER" />
71-->src/main/AndroidManifest.xml:35:17-77
71-->src/main/AndroidManifest.xml:35:27-74
72            </intent-filter>
73        </activity>
74        <!-- Needs to be explicitly declared on P+ -->
75        <uses-library
75-->[com.google.android.gms:play-services-maps:19.0.0] AndroidManifest.xml:39:9-41:40
76            android:name="org.apache.http.legacy"
76-->[com.google.android.gms:play-services-maps:19.0.0] AndroidManifest.xml:40:13-50
77            android:required="false" />
77-->[com.google.android.gms:play-services-maps:19.0.0] AndroidManifest.xml:41:13-37
78
79        <activity
79-->[com.google.android.gms:play-services-base:18.5.0] AndroidManifest.xml:5:9-173
80            android:name="com.google.android.gms.common.api.GoogleApiActivity"
80-->[com.google.android.gms:play-services-base:18.5.0] AndroidManifest.xml:5:19-85
81            android:exported="false"
81-->[com.google.android.gms:play-services-base:18.5.0] AndroidManifest.xml:5:146-170
82            android:theme="@android:style/Theme.Translucent.NoTitleBar" />
82-->[com.google.android.gms:play-services-base:18.5.0] AndroidManifest.xml:5:86-145
83
84        <meta-data
84-->[com.google.android.gms:play-services-basement:18.4.0] AndroidManifest.xml:6:9-122
85            android:name="com.google.android.gms.version"
85-->[com.google.android.gms:play-services-basement:18.4.0] AndroidManifest.xml:6:20-65
86            android:value="@integer/google_play_services_version" />
86-->[com.google.android.gms:play-services-basement:18.4.0] AndroidManifest.xml:6:66-119
87
88        <activity
88-->[androidx.compose.ui:ui-test-manifest:1.7.2] AndroidManifest.xml:23:9-25:39
89            android:name="androidx.activity.ComponentActivity"
89-->[androidx.compose.ui:ui-test-manifest:1.7.2] AndroidManifest.xml:24:13-63
90            android:exported="true" />
90-->[androidx.compose.ui:ui-test-manifest:1.7.2] AndroidManifest.xml:25:13-36
91
92        <provider
92-->[androidx.emoji2:emoji2:1.3.0] AndroidManifest.xml:24:9-32:20
93            android:name="androidx.startup.InitializationProvider"
93-->[androidx.emoji2:emoji2:1.3.0] AndroidManifest.xml:25:13-67
94            android:authorities="com.dominar.ride.androidx-startup"
94-->[androidx.emoji2:emoji2:1.3.0] AndroidManifest.xml:26:13-68
95            android:exported="false" >
95-->[androidx.emoji2:emoji2:1.3.0] AndroidManifest.xml:27:13-37
96            <meta-data
96-->[androidx.emoji2:emoji2:1.3.0] AndroidManifest.xml:29:13-31:52
97                android:name="androidx.emoji2.text.EmojiCompatInitializer"
97-->[androidx.emoji2:emoji2:1.3.0] AndroidManifest.xml:30:17-75
98                android:value="androidx.startup" />
98-->[androidx.emoji2:emoji2:1.3.0] AndroidManifest.xml:31:17-49
99            <meta-data
99-->[androidx.lifecycle:lifecycle-process:2.8.5] AndroidManifest.xml:29:13-31:52
100                android:name="androidx.lifecycle.ProcessLifecycleInitializer"
100-->[androidx.lifecycle:lifecycle-process:2.8.5] AndroidManifest.xml:30:17-78
101                android:value="androidx.startup" />
101-->[androidx.lifecycle:lifecycle-process:2.8.5] AndroidManifest.xml:31:17-49
102            <meta-data
102-->[androidx.profileinstaller:profileinstaller:1.3.1] AndroidManifest.xml:29:13-31:52
103                android:name="androidx.profileinstaller.ProfileInstallerInitializer"
103-->[androidx.profileinstaller:profileinstaller:1.3.1] AndroidManifest.xml:30:17-85
104                android:value="androidx.startup" />
104-->[androidx.profileinstaller:profileinstaller:1.3.1] AndroidManifest.xml:31:17-49
105        </provider>
106
107        <activity
107-->[androidx.compose.ui:ui-tooling-android:1.7.2] AndroidManifest.xml:23:9-25:39
108            android:name="androidx.compose.ui.tooling.PreviewActivity"
108-->[androidx.compose.ui:ui-tooling-android:1.7.2] AndroidManifest.xml:24:13-71
109            android:exported="true" />
109-->[androidx.compose.ui:ui-tooling-android:1.7.2] AndroidManifest.xml:25:13-36
110
111        <receiver
111-->[androidx.profileinstaller:profileinstaller:1.3.1] AndroidManifest.xml:34:9-52:20
112            android:name="androidx.profileinstaller.ProfileInstallReceiver"
112-->[androidx.profileinstaller:profileinstaller:1.3.1] AndroidManifest.xml:35:13-76
113            android:directBootAware="false"
113-->[androidx.profileinstaller:profileinstaller:1.3.1] AndroidManifest.xml:36:13-44
114            android:enabled="true"
114-->[androidx.profileinstaller:profileinstaller:1.3.1] AndroidManifest.xml:37:13-35
115            android:exported="true"
115-->[androidx.profileinstaller:profileinstaller:1.3.1] AndroidManifest.xml:38:13-36
116            android:permission="android.permission.DUMP" >
116-->[androidx.profileinstaller:profileinstaller:1.3.1] AndroidManifest.xml:39:13-57
117            <intent-filter>
117-->[androidx.profileinstaller:profileinstaller:1.3.1] AndroidManifest.xml:40:13-42:29
118                <action android:name="androidx.profileinstaller.action.INSTALL_PROFILE" />
118-->[androidx.profileinstaller:profileinstaller:1.3.1] AndroidManifest.xml:41:17-91
118-->[androidx.profileinstaller:profileinstaller:1.3.1] AndroidManifest.xml:41:25-88
119            </intent-filter>
120            <intent-filter>
120-->[androidx.profileinstaller:profileinstaller:1.3.1] AndroidManifest.xml:43:13-45:29
121                <action android:name="androidx.profileinstaller.action.SKIP_FILE" />
121-->[androidx.profileinstaller:profileinstaller:1.3.1] AndroidManifest.xml:44:17-85
121-->[androidx.profileinstaller:profileinstaller:1.3.1] AndroidManifest.xml:44:25-82
122            </intent-filter>
123            <intent-filter>
123-->[androidx.profileinstaller:profileinstaller:1.3.1] AndroidManifest.xml:46:13-48:29
124                <action android:name="androidx.profileinstaller.action.SAVE_PROFILE" />
124-->[androidx.profileinstaller:profileinstaller:1.3.1] AndroidManifest.xml:47:17-88
124-->[androidx.profileinstaller:profileinstaller:1.3.1] AndroidManifest.xml:47:25-85
125            </intent-filter>
126            <intent-filter>
126-->[androidx.profileinstaller:profileinstaller:1.3.1] AndroidManifest.xml:49:13-51:29
127                <action android:name="androidx.profileinstaller.action.BENCHMARK_OPERATION" />
127-->[androidx.profileinstaller:profileinstaller:1.3.1] AndroidManifest.xml:50:17-95
127-->[androidx.profileinstaller:profileinstaller:1.3.1] AndroidManifest.xml:50:25-92
128            </intent-filter>
129        </receiver>
130    </application>
131
132</manifest>